<testsuite name="parser" tests="26" failures="0">
    <testcase classname="headers" name="0. Purpose" time="0"/>
    <testcase classname="headers" name="1. Executive" time="0"/>
    <testcase classname="headers" name="1.1 Scope" time="0"/>
    <testcase classname="headers" name="1.2 Requirements" time="0"/>
    <testcase classname="headers" name="2. Methodology" time="0"/>
    <testcase classname="headers" name="2.1 Data" time="0"/>
    <testcase classname="headers" name="2.2 Analysis" time="0"/>
    <testcase classname="headers" name="3. Results" time="0"/>
    <testcase classname="headers" name="3.1 Observations" time="0"/>
    <testcase classname="headers" name="3.2 Recommendations" time="0"/>
    <testcase classname="headers" name="Appendix A1 Supporting" time="0"/>
    <testcase classname="headers" name="A1 Supporting" time="0"/>
    <testcase classname="headers" name="Appendix A2 Additional" time="0"/>
    <testcase classname="headers" name="A2 Additional" time="0"/>
    <testcase classname="headers" name="Appendix A3 Glossary" time="0"/>
    <testcase classname="headers" name="A3 Glossary" time="0"/>
    <testcase classname="headers" name="Appendix A4 Abbreviations" time="0"/>
    <testcase classname="headers" name="A4 Abbreviations" time="0"/>
    <testcase classname="headers" name="Appendix A5 Supplemental" time="0"/>
    <testcase classname="headers" name="A5 Supplemental" time="0"/>
    <testcase classname="headers" name="Appendix A6 Risk" time="0"/>
    <testcase classname="headers" name="A6 Risk" time="0"/>
    <testcase classname="headers" name="Appendix A7 Compliance" time="0"/>
    <testcase classname="headers" name="A7 Compliance" time="0"/>
    <testcase classname="headers" name="Appendix A8 Revision" time="0"/>
    <testcase classname="headers" name="A8 Revision" time="0"/>
</testsuite>
